0 info it worked if it ends with ok
1 verbose cli [ 'D:\\node\\node.exe',
1 verbose cli   'D:\\node\\node_modules\\npm\\bin\\npm-cli.js',
1 verbose cli   'start' ]
2 info using npm@3.3.6
3 info using node@v5.0.0
4 verbose run-script [ 'prestart', 'start', 'poststart' ]
5 info lifecycle zhuanbangBlog@0.0.0~prestart: zhuanbangBlog@0.0.0
6 silly lifecycle zhuanbangBlog@0.0.0~prestart: no script for prestart, continuing
7 info lifecycle zhuanbangBlog@0.0.0~start: zhuanbangBlog@0.0.0
8 verbose lifecycle zhuanbangBlog@0.0.0~start: unsafe-perm in lifecycle true
9 verbose lifecycle zhuanbangBlog@0.0.0~start: PATH: D:\node\node_modules\npm\bin\node-gyp-bin;F:\zhuanbangBlog\node_modules\.bin;C:\Program Files (x86)\ATI Technologies\ATI.ACE\Core-Static;D:\node\;D:\git\anzhuang\Git\cmd;D:\git\anzhuang\Git\mingw64\bin;D:\git\anzhuang\Git\usr\bin;D:\node\node_global\node_modules\express-generator\bin;C:\Users\朱安邦\AppData\Roaming\npm
10 verbose lifecycle zhuanbangBlog@0.0.0~start: CWD: F:\zhuanbangBlog
11 silly lifecycle zhuanbangBlog@0.0.0~start: Args: [ '/d /s /c', 'node ./bin/www' ]
12 silly lifecycle zhuanbangBlog@0.0.0~start: Returned: code: 1  signal: null
13 info lifecycle zhuanbangBlog@0.0.0~start: Failed to exec start script
14 verbose stack Error: zhuanbangBlog@0.0.0 start: `node ./bin/www`
14 verbose stack Exit status 1
14 verbose stack     at EventEmitter.<anonymous> (D:\node\node_modules\npm\lib\utils\lifecycle.js:233:16)
14 verbose stack     at emitTwo (events.js:87:13)
14 verbose stack     at EventEmitter.emit (events.js:172:7)
14 verbose stack     at ChildProcess.<anonymous> (D:\node\node_modules\npm\lib\utils\spawn.js:24:14)
14 verbose stack     at emitTwo (events.js:87:13)
14 verbose stack     at ChildProcess.emit (events.js:172:7)
14 verbose stack     at maybeClose (internal/child_process.js:818:16)
14 verbose stack     at Process.ChildProcess._handle.onexit (internal/child_process.js:211:5)
15 verbose pkgid zhuanbangBlog@0.0.0
16 verbose cwd F:\zhuanbangBlog
17 error Windows_NT 10.0.10240
18 error argv "D:\\node\\node.exe" "D:\\node\\node_modules\\npm\\bin\\npm-cli.js" "start"
19 error node v5.0.0
20 error npm  v3.3.6
21 error code ELIFECYCLE
22 error zhuanbangBlog@0.0.0 start: `node ./bin/www`
22 error Exit status 1
23 error Failed at the zhuanbangBlog@0.0.0 start script 'node ./bin/www'.
23 error This is most likely a problem with the zhuanbangBlog package,
23 error not with npm itself.
23 error Tell the author that this fails on your system:
23 error     node ./bin/www
23 error You can get their info via:
23 error     npm owner ls zhuanbangBlog
23 error There is likely additional logging output above.
24 verbose exit [ 1, true ]
